<?xml version="1.0" encoding="UTF-8"?>
<!-- Generated by org.testng.reporters.JUnitXMLReporter -->
<testsuite ignored="0" hostname="LAPTOP-3MCFK2HC" failures="0" tests="4" name="Default test" time="172.44" errors="0" timestamp="2023-09-29T10:34:20 IST">
  <testcase classname="com_VE3_Test.Task" name="Newsletterform" time="18.148"/>
  <testcase classname="com_VE3_Test.Task" name="submit" time="16.873"/>
  <testcase classname="com_VE3_Test.Task" name="NewsletterDDF" time="35.542"/>
  <testcase classname="com_VE3_Test.Task" name="Findallelements" time="32.291"/>
</testsuite> <!-- Default test -->
