<?xml version="1.0" encoding="UTF-8"?>
<testng-results ignored="1" total="4" passed="3" failed="0" skipped="0">
  <reporter-output>
  </reporter-output>
  <suite started-at="2023-09-29T10:52:20 IST" name="Suite" finished-at="2023-09-29T10:53:52 IST" duration-ms="92083">
    <groups>
    </groups>
    <test started-at="2023-09-29T10:52:20 IST" name="Test" finished-at="2023-09-29T10:53:52 IST" duration-ms="92083">
      <class name="com_VE3_Test.Task">
        <test-method is-config="true" signature="Setup()[pri:0, instance:com_VE3_Test.Task@69997e9d]" started-at="2023-09-29T10:52:20 IST" name="Setup" finished-at="2023-09-29T10:52:32 IST" duration-ms="11955" status="PASS">
          <reporter-output>
          </reporter-output>
        </test-method> <!-- Setup -->
        <test-method signature="Newsletterform()[pri:1, instance:com_VE3_Test.Task@69997e9d]" started-at="2023-09-29T10:52:32 IST" name="Newsletterform" finished-at="2023-09-29T10:52:45 IST" duration-ms="13177" status="PASS">
          <reporter-output>
          </reporter-output>
        </test-method> <!-- Newsletterform -->
        <test-method is-config="true" signature="teardown()[pri:0, instance:com_VE3_Test.Task@69997e9d]" started-at="2023-09-29T10:52:45 IST" name="teardown" finished-at="2023-09-29T10:52:48 IST" duration-ms="3426" status="PASS">
          <reporter-output>
          </reporter-output>
        </test-method> <!-- teardown -->
        <test-method is-config="true" signature="Setup()[pri:0, instance:com_VE3_Test.Task@69997e9d]" started-at="2023-09-29T10:52:48 IST" name="Setup" finished-at="2023-09-29T10:52:59 IST" duration-ms="10364" status="PASS">
          <reporter-output>
          </reporter-output>
        </test-method> <!-- Setup -->
        <test-method signature="submit()[pri:2, instance:com_VE3_Test.Task@69997e9d]" started-at="2023-09-29T10:52:59 IST" name="submit" finished-at="2023-09-29T10:53:13 IST" duration-ms="14796" status="PASS">
          <reporter-output>
          </reporter-output>
        </test-method> <!-- submit -->
        <test-method is-config="true" signature="teardown()[pri:0, instance:com_VE3_Test.Task@69997e9d]" started-at="2023-09-29T10:53:13 IST" name="teardown" finished-at="2023-09-29T10:53:17 IST" duration-ms="3388" status="PASS">
          <reporter-output>
          </reporter-output>
        </test-method> <!-- teardown -->
        <test-method is-config="true" signature="Setup()[pri:0, instance:com_VE3_Test.Task@69997e9d]" started-at="2023-09-29T10:53:17 IST" name="Setup" finished-at="2023-09-29T10:53:25 IST" duration-ms="7990" status="PASS">
          <reporter-output>
          </reporter-output>
        </test-method> <!-- Setup -->
        <test-method signature="Findallelements()[pri:4, instance:com_VE3_Test.Task@69997e9d]" started-at="2023-09-29T10:53:25 IST" name="Findallelements" finished-at="2023-09-29T10:53:48 IST" duration-ms="23614" status="PASS">
          <reporter-output>
          </reporter-output>
        </test-method> <!-- Findallelements -->
        <test-method is-config="true" signature="teardown()[pri:0, instance:com_VE3_Test.Task@69997e9d]" started-at="2023-09-29T10:53:48 IST" name="teardown" finished-at="2023-09-29T10:53:52 IST" duration-ms="3330" status="PASS">
          <reporter-output>
          </reporter-output>
        </test-method> <!-- teardown -->
      </class> <!-- com_VE3_Test.Task -->
    </test> <!-- Test -->
  </suite> <!-- Suite -->
</testng-results>
