<?xml version="1.0" encoding="UTF-8"?>
<!-- Generated by org.testng.reporters.JUnitXMLReporter -->
<testsuite ignored="1" hostname="LAPTOP-3MCFK2HC" failures="0" tests="3" name="Test" time="92.083" errors="0" timestamp="2023-09-29T10:53:52 IST">
  <testcase classname="com_VE3_Test.Task" name="Newsletterform" time="13.177"/>
  <testcase classname="com_VE3_Test.Task" name="submit" time="14.796"/>
  <testcase classname="com_VE3_Test.Task" name="Findallelements" time="23.614"/>
  <testcase classname="com_VE3_Test.Task" name="NewsletterDDF" time="0.0">
    <ignored/>
  </testcase> <!-- NewsletterDDF -->
</testsuite> <!-- Test -->
